<?xml version="1.0" encoding="UTF-8"?>
<!-- Generated by org.testng.reporters.JUnitReportReporter -->
<testsuite hostname="DESKTOP-4R0B1MP" failures="0" tests="3" name="testcases.TC0010_PractiesForm_Test" time="37.913" errors="0" timestamp="2023-05-05T12:23:44 IST" skipped="0">
  <testcase classname="testcases.TC0010_PractiesForm_Test" name="dynamicProperties_Click" time="2.832"/>
  <system-out/>
  <testcase classname="testcases.TC0010_PractiesForm_Test" name="enterFormDetails" time="34.082"/>
  <system-out/>
  <testcase classname="testcases.TC0010_PractiesForm_Test" name="teardown" time="0.999"/>
  <system-out/>
</testsuite> <!-- testcases.TC0010_PractiesForm_Test -->
