<?xml version="1.0" encoding="UTF-8"?>
<!-- Generated by org.testng.reporters.JUnitReportReporter -->
<testsuite hostname="DESKTOP-4R0B1MP" failures="0" tests="2" name="testcases.TC0009_dynamicProperties_Test" time="6.820" errors="0" timestamp="2023-04-30T23:11:04 IST" skipped="0">
  <testcase classname="testcases.TC0009_dynamicProperties_Test" name="dynamicProperties_Click" time="6.126"/>
  <system-out/>
  <testcase classname="testcases.TC0009_dynamicProperties_Test" name="tear" time="0.694"/>
  <system-out/>
</testsuite> <!-- testcases.TC0009_dynamicProperties_Test -->
