<?xml version="1.0" encoding="UTF-8"?>
<!-- Generated by org.testng.reporters.JUnitReportReporter -->
<testsuite hostname="DESKTOP-4R0B1MP" failures="0" tests="8" name="testcases.TC0004_WebTable_Test" time="46.982" errors="0" timestamp="2023-05-05T14:06:49 IST" skipped="0">
  <testcase classname="testcases.TC0004_WebTable_Test" name="webtable_Click" time="5.262"/>
  <system-out/>
  <testcase classname="testcases.TC0004_WebTable_Test" name="webtable_enter_Values" time="5.775"/>
  <system-out/>
  <testcase classname="testcases.TC0004_WebTable_Test" name="webtable_enter_Values" time="5.439"/>
  <system-out/>
  <testcase classname="testcases.TC0004_WebTable_Test" name="print_After_Table" time="3.737"/>
  <system-out/>
  <testcase classname="testcases.TC0004_WebTable_Test" name="webtable_serching_" time="11.178"/>
  <system-out/>
  <testcase classname="testcases.TC0004_WebTable_Test" name="webtable_serching_" time="11.395"/>
  <system-out/>
  <testcase classname="testcases.TC0004_WebTable_Test" name="print_After_Deleted_Table" time="3.081"/>
  <system-out/>
  <testcase classname="testcases.TC0004_WebTable_Test" name="teardown" time="1.115"/>
  <system-out/>
</testsuite> <!-- testcases.TC0004_WebTable_Test -->
