<?xml version="1.0" encoding="UTF-8"?>
<!-- Generated by org.testng.reporters.JUnitReportReporter -->
<testsuite hostname="DESKTOP-4R0B1MP" failures="0" tests="3" name="testcases.TC0008_Upload_And_Download_Test" time="8.168" errors="0" timestamp="2023-04-30T23:11:04 IST" skipped="0">
  <testcase classname="testcases.TC0008_Upload_And_Download_Test" name="uploadAndDownload_Click" time="0.948"/>
  <system-out/>
  <testcase classname="testcases.TC0008_Upload_And_Download_Test" name="updateFile_download" time="6.376"/>
  <system-out/>
  <testcase classname="testcases.TC0008_Upload_And_Download_Test" name="tear" time="0.844"/>
  <system-out/>
</testsuite> <!-- testcases.TC0008_Upload_And_Download_Test -->
