<?xml version="1.0" encoding="UTF-8"?>
<!-- Generated by org.testng.reporters.JUnitReportReporter -->
<testsuite hostname="DESKTOP-4R0B1MP" failures="0" tests="1" name="testcases.TC0002_CheckBox_Test" time="0.763" errors="0" timestamp="2023-04-30T23:11:04 IST" skipped="0">
  <testcase classname="testcases.TC0002_CheckBox_Test" name="teardown" time="0.763"/>
  <system-out/>
</testsuite> <!-- testcases.TC0002_CheckBox_Test -->
