<?xml version="1.0" encoding="UTF-8"?>
<!-- Generated by org.testng.reporters.JUnitReportReporter -->
<testsuite hostname="DESKTOP-4R0B1MP" failures="0" tests="4" name="testcases.TC0006_Links_Test" time="26.347" errors="0" timestamp="2023-04-30T23:11:04 IST" skipped="0">
  <testcase classname="testcases.TC0006_Links_Test" name="links_Click" time="1.005"/>
  <system-out/>
  <testcase classname="testcases.TC0006_Links_Test" name="getLinksText" time="0.587"/>
  <system-out/>
  <testcase classname="testcases.TC0006_Links_Test" name="links_test" time="24.280"/>
  <system-out/>
  <testcase classname="testcases.TC0006_Links_Test" name="tear" time="0.475"/>
  <system-out/>
</testsuite> <!-- testcases.TC0006_Links_Test -->
