<?xml version="1.0" encoding="UTF-8"?>
<!-- Generated by org.testng.reporters.JUnitReportReporter -->
<testsuite hostname="DESKTOP-4R0B1MP" failures="0" tests="1" name="testcases.OpenBrowser" time="13.409" errors="0" timestamp="2023-05-05T14:06:49 IST" skipped="0">
  <testcase classname="testcases.OpenBrowser" name="openBrowserAndURL" time="13.409"/>
  <system-out/>
</testsuite> <!-- testcases.OpenBrowser -->
