<?xml version="1.0" encoding="UTF-8"?>
<!-- Generated by org.testng.reporters.JUnitReportReporter -->
<testsuite hostname="DESKTOP-4R0B1MP" failures="0" tests="3" name="testcases.TC0003_RadioButton_Test" time="7.031" errors="0" timestamp="2023-04-30T23:11:04 IST" skipped="0">
  <testcase classname="testcases.TC0003_RadioButton_Test" name="radio_ButtonClick" time="1.262"/>
  <system-out/>
  <testcase classname="testcases.TC0003_RadioButton_Test" name="radiobuttondata" time="3.743"/>
  <system-out/>
  <testcase classname="testcases.TC0003_RadioButton_Test" name="tear" time="2.026"/>
  <system-out/>
</testsuite> <!-- testcases.TC0003_RadioButton_Test -->
