<?xml version="1.0" encoding="UTF-8"?>
<!-- Generated by org.testng.reporters.JUnitReportReporter -->
<testsuite hostname="DESKTOP-4R0B1MP" failures="0" tests="9" name="testcases.OpenBrowser" time="98.076" errors="0" timestamp="2023-04-30T23:11:04 IST" skipped="0">
  <testcase classname="testcases.OpenBrowser" name="openBrowserAndURL" time="9.541"/>
  <system-out/>
  <testcase classname="testcases.OpenBrowser" name="openBrowserAndURL" time="10.116"/>
  <system-out/>
  <testcase classname="testcases.OpenBrowser" name="openBrowserAndURL" time="12.332"/>
  <system-out/>
  <testcase classname="testcases.OpenBrowser" name="openBrowserAndURL" time="12.972"/>
  <system-out/>
  <testcase classname="testcases.OpenBrowser" name="openBrowserAndURL" time="8.047"/>
  <system-out/>
  <testcase classname="testcases.OpenBrowser" name="openBrowserAndURL" time="10.664"/>
  <system-out/>
  <testcase classname="testcases.OpenBrowser" name="openBrowserAndURL" time="10.626"/>
  <system-out/>
  <testcase classname="testcases.OpenBrowser" name="openBrowserAndURL" time="11.795"/>
  <system-out/>
  <testcase classname="testcases.OpenBrowser" name="openBrowserAndURL" time="11.983"/>
  <system-out/>
</testsuite> <!-- testcases.OpenBrowser -->
