<?xml version="1.0" encoding="UTF-8"?>
<!-- Generated by org.testng.reporters.JUnitReportReporter -->
<testsuite hostname="DESKTOP-4R0B1MP" failures="0" tests="6" name="testcases.TC0004_WebTable_Test" time="51.776" errors="0" timestamp="2023-04-30T23:11:04 IST" skipped="0">
  <testcase classname="testcases.TC0004_WebTable_Test" name="webtable_Click" time="1.500"/>
  <system-out/>
  <testcase classname="testcases.TC0004_WebTable_Test" name="webtable_enter_Values" time="5.128"/>
  <system-out/>
  <testcase classname="testcases.TC0004_WebTable_Test" name="webtable_enter_Values" time="6.925"/>
  <system-out/>
  <testcase classname="testcases.TC0004_WebTable_Test" name="webtable_serching_" time="17.990"/>
  <system-out/>
  <testcase classname="testcases.TC0004_WebTable_Test" name="webtable_serching_" time="19.689"/>
  <system-out/>
  <testcase classname="testcases.TC0004_WebTable_Test" name="tear" time="0.544"/>
  <system-out/>
</testsuite> <!-- testcases.TC0004_WebTable_Test -->
