<?xml version="1.0" encoding="UTF-8"?>
<!-- Generated by org.testng.reporters.JUnitReportReporter -->
<testsuite hostname="DESKTOP-4R0B1MP" failures="0" tests="2" name="testcases.TC0009_dynamicProperties_Test" time="5.896" errors="0" timestamp="2023-04-30T23:21:24 IST" skipped="0">
  <testcase classname="testcases.TC0009_dynamicProperties_Test" name="dynamicProperties_Click" time="5.334"/>
  <system-out/>
  <testcase classname="testcases.TC0009_dynamicProperties_Test" name="tear" time="0.562"/>
  <system-out/>
</testsuite> <!-- testcases.TC0009_dynamicProperties_Test -->
