<?xml version="1.0" encoding="UTF-8"?>
<!-- Generated by org.testng.reporters.JUnitReportReporter -->
<testsuite hostname="DESKTOP-4R0B1MP" failures="0" tests="4" name="testcases.TC0006_Links_Test" time="23.742" errors="0" timestamp="2023-04-30T23:21:24 IST" skipped="0">
  <testcase classname="testcases.TC0006_Links_Test" name="links_Click" time="0.475"/>
  <system-out/>
  <testcase classname="testcases.TC0006_Links_Test" name="getLinksText" time="0.689"/>
  <system-out/>
  <testcase classname="testcases.TC0006_Links_Test" name="links_test" time="21.803"/>
  <system-out/>
  <testcase classname="testcases.TC0006_Links_Test" name="tear" time="0.775"/>
  <system-out/>
</testsuite> <!-- testcases.TC0006_Links_Test -->
