<?xml version="1.0" encoding="UTF-8"?>
<!-- Generated by org.testng.reporters.JUnitReportReporter -->
<testsuite hostname="DESKTOP-4R0B1MP" failures="0" tests="3" name="testcases.TC0008_Upload_And_Download_Test" time="7.527" errors="0" timestamp="2023-04-30T23:21:25 IST" skipped="0">
  <testcase classname="testcases.TC0008_Upload_And_Download_Test" name="uploadAndDownload_Click" time="0.523"/>
  <system-out/>
  <testcase classname="testcases.TC0008_Upload_And_Download_Test" name="updateFile_download" time="5.242"/>
  <system-out/>
  <testcase classname="testcases.TC0008_Upload_And_Download_Test" name="tear" time="1.762"/>
  <system-out/>
</testsuite> <!-- testcases.TC0008_Upload_And_Download_Test -->
