<?xml version="1.0" encoding="UTF-8"?>
<!-- Generated by org.testng.reporters.JUnitReportReporter -->
<testsuite hostname="DESKTOP-4R0B1MP" failures="0" tests="3" name="testcases.TC0005_Buttons_Test" time="5.227" errors="0" timestamp="2023-04-30T23:21:25 IST" skipped="0">
  <testcase classname="testcases.TC0005_Buttons_Test" name="buttons_Click" time="0.262"/>
  <system-out/>
  <testcase classname="testcases.TC0005_Buttons_Test" name="double_right_Click" time="4.392"/>
  <system-out/>
  <testcase classname="testcases.TC0005_Buttons_Test" name="tear" time="0.573"/>
  <system-out/>
</testsuite> <!-- testcases.TC0005_Buttons_Test -->
