<?xml version="1.0" encoding="UTF-8"?>
<!-- Generated by org.testng.reporters.JUnitReportReporter -->
<testsuite hostname="DESKTOP-4R0B1MP" failures="0" tests="6" name="testcases.TC0004_WebTable_Test" time="54.973" errors="0" timestamp="2023-04-30T23:21:25 IST" skipped="0">
  <testcase classname="testcases.TC0004_WebTable_Test" name="webtable_Click" time="2.038"/>
  <system-out/>
  <testcase classname="testcases.TC0004_WebTable_Test" name="webtable_enter_Values" time="6.329"/>
  <system-out/>
  <testcase classname="testcases.TC0004_WebTable_Test" name="webtable_enter_Values" time="5.601"/>
  <system-out/>
  <testcase classname="testcases.TC0004_WebTable_Test" name="webtable_serching_" time="20.624"/>
  <system-out/>
  <testcase classname="testcases.TC0004_WebTable_Test" name="webtable_serching_" time="18.494"/>
  <system-out/>
  <testcase classname="testcases.TC0004_WebTable_Test" name="tear" time="1.887"/>
  <system-out/>
</testsuite> <!-- testcases.TC0004_WebTable_Test -->
