<?xml version="1.0" encoding="UTF-8"?>
<!-- Generated by org.testng.reporters.JUnitReportReporter -->
<testsuite hostname="DESKTOP-4R0B1MP" failures="0" tests="9" name="testcases.OpenBrowser" time="108.021" errors="0" timestamp="2023-04-30T23:21:25 IST" skipped="0">
  <testcase classname="testcases.OpenBrowser" name="openBrowserAndURL" time="12.335"/>
  <system-out/>
  <testcase classname="testcases.OpenBrowser" name="openBrowserAndURL" time="9.285"/>
  <system-out/>
  <testcase classname="testcases.OpenBrowser" name="openBrowserAndURL" time="17.199"/>
  <system-out/>
  <testcase classname="testcases.OpenBrowser" name="openBrowserAndURL" time="7.942"/>
  <system-out/>
  <testcase classname="testcases.OpenBrowser" name="openBrowserAndURL" time="14.716"/>
  <system-out/>
  <testcase classname="testcases.OpenBrowser" name="openBrowserAndURL" time="7.919"/>
  <system-out/>
  <testcase classname="testcases.OpenBrowser" name="openBrowserAndURL" time="11.361"/>
  <system-out/>
  <testcase classname="testcases.OpenBrowser" name="openBrowserAndURL" time="14.619"/>
  <system-out/>
  <testcase classname="testcases.OpenBrowser" name="openBrowserAndURL" time="12.645"/>
  <system-out/>
</testsuite> <!-- testcases.OpenBrowser -->
