<?xml version="1.0" encoding="UTF-8"?>
<!-- Generated by org.testng.reporters.JUnitReportReporter -->
<testsuite hostname="DESKTOP-4R0B1MP" failures="0" tests="3" name="testcases.TC0003_RadioButton_Test" time="3.226" errors="0" timestamp="2023-04-30T23:21:25 IST" skipped="0">
  <testcase classname="testcases.TC0003_RadioButton_Test" name="radio_ButtonClick" time="1.299"/>
  <system-out/>
  <testcase classname="testcases.TC0003_RadioButton_Test" name="radiobuttondata" time="1.325"/>
  <system-out/>
  <testcase classname="testcases.TC0003_RadioButton_Test" name="tear" time="0.602"/>
  <system-out/>
</testsuite> <!-- testcases.TC0003_RadioButton_Test -->
